<?xml version="1.0" encoding="UTF-8"?>
<!-- Generated by org.testng.reporters.JUnitXMLReporter -->
<testsuite ignored="0" hostname="DESKTOP-9IFTCKI" failures="0" tests="10" name="Surefire test" time="21.331" errors="0" timestamp="2024-04-21T16:50:34 IST">
  <testcase classname="api.test.DDTest" name="testPostUser" time="6.078"/>
  <testcase classname="api.test.DDTest" name="testPostUser" time="1.226"/>
  <testcase classname="api.test.DDTest" name="testPostUser" time="1.217"/>
  <testcase classname="api.test.DDTest" name="deleteUser" time="1.205"/>
  <testcase classname="api.test.DDTest" name="deleteUser" time="1.212"/>
  <testcase classname="api.test.DDTest" name="deleteUser" time="1.183"/>
  <testcase classname="api.test.UserTest" name="testPost" time="1.399"/>
  <testcase classname="api.test.UserTest" name="getUsername" time="1.22"/>
  <testcase classname="api.test.UserTest" name="testUpdateUser" time="1.242"/>
  <testcase classname="api.test.UserTest" name="deleteUser" time="1.184"/>
</testsuite> <!-- Surefire test -->
