<?xml version="1.0" encoding="UTF-8"?>
<!-- Generated by org.testng.reporters.JUnitXMLReporter -->
<testsuite ignored="0" hostname="DESKTOP-9IFTCKI" failures="0" tests="6" name="Default test" time="13.988" errors="0" timestamp="2024-04-21T13:20:20 IST">
  <testcase classname="api.test.DDTest" name="testPostUser" time="3.923"/>
  <testcase classname="api.test.DDTest" name="testPostUser" time="1.27"/>
  <testcase classname="api.test.DDTest" name="testPostUser" time="1.986"/>
  <testcase classname="api.test.DDTest" name="deleteUser" time="2.513"/>
  <testcase classname="api.test.DDTest" name="deleteUser" time="1.272"/>
  <testcase classname="api.test.DDTest" name="deleteUser" time="1.268"/>
</testsuite> <!-- Default test -->
