<?xml version="1.0" encoding="UTF-8"?>
<!-- Generated by org.testng.reporters.JUnitXMLReporter -->
<testsuite ignored="0" hostname="DESKTOP-9IFTCKI" failures="0" tests="4" name="Test" time="10.062" errors="0" timestamp="2024-04-21T16:29:27 IST">
  <testcase classname="api.test.UserTest" name="testPost" time="4.666"/>
  <testcase classname="api.test.UserTest" name="getUsername" time="1.187"/>
  <testcase classname="api.test.UserTest" name="testUpdateUser" time="1.237"/>
  <testcase classname="api.test.UserTest" name="deleteUser" time="1.193"/>
</testsuite> <!-- Test -->
