<?xml version="1.0" encoding="UTF-8"?>
<testng-results ignored="0" total="10" passed="10" failed="0" skipped="0">
  <reporter-output>
  </reporter-output>
  <suite started-at="2024-04-21T16:50:12 IST" name="Surefire suite" finished-at="2024-04-21T16:50:34 IST" duration-ms="21331">
    <groups>
    </groups>
    <test started-at="2024-04-21T16:50:12 IST" name="Surefire test" finished-at="2024-04-21T16:50:34 IST" duration-ms="21331">
      <class name="api.test.UserTest">
        <test-method is-config="true" signature="setupData()[pri:0, instance:api.test.UserTest@64cd705f]" started-at="2024-04-21T16:50:28 IST" name="setupData" finished-at="2024-04-21T16:50:29 IST" duration-ms="603" status="PASS">
          <reporter-output>
          </reporter-output>
        </test-method> <!-- setupData -->
        <test-method signature="testPost()[pri:1, instance:api.test.UserTest@64cd705f]" started-at="2024-04-21T16:50:29 IST" name="testPost" finished-at="2024-04-21T16:50:30 IST" duration-ms="1399" status="PASS">
          <reporter-output>
          </reporter-output>
        </test-method> <!-- testPost -->
        <test-method signature="getUsername()[pri:2, instance:api.test.UserTest@64cd705f]" started-at="2024-04-21T16:50:30 IST" name="getUsername" finished-at="2024-04-21T16:50:31 IST" duration-ms="1220" status="PASS">
          <reporter-output>
          </reporter-output>
        </test-method> <!-- getUsername -->
        <test-method signature="testUpdateUser()[pri:3, instance:api.test.UserTest@64cd705f]" started-at="2024-04-21T16:50:31 IST" name="testUpdateUser" finished-at="2024-04-21T16:50:33 IST" duration-ms="1242" status="PASS">
          <reporter-output>
          </reporter-output>
        </test-method> <!-- testUpdateUser -->
        <test-method signature="deleteUser()[pri:4, instance:api.test.UserTest@64cd705f]" started-at="2024-04-21T16:50:33 IST" name="deleteUser" finished-at="2024-04-21T16:50:34 IST" duration-ms="1184" status="PASS">
          <reporter-output>
          </reporter-output>
        </test-method> <!-- deleteUser -->
      </class> <!-- api.test.UserTest -->
      <class name="api.test.DDTest">
        <test-method signature="testPostUser(java.lang.String,java.lang.String,java.lang.String,java.lang.String,java.lang.String,java.lang.String,java.lang.String)[pri:1, instance:api.test.DDTest@78e117e3]" started-at="2024-04-21T16:50:16 IST" name="testPostUser" data-provider="data" finished-at="2024-04-21T16:50:22 IST" duration-ms="6078" status="PASS">
          <params>
            <param index="0">
              <value>
                <![CDATA[91234]]>
              </value>
            </param>
            <param index="1">
              <value>
                <![CDATA[test]]>
              </value>
            </param>
            <param index="2">
              <value>
                <![CDATA[user]]>
              </value>
            </param>
            <param index="3">
              <value>
                <![CDATA[first]]>
              </value>
            </param>
            <param index="4">
              <value>
                <![CDATA[a@gmail.com]]>
              </value>
            </param>
            <param index="5">
              <value>
                <![CDATA[123]]>
              </value>
            </param>
            <param index="6">
              <value>
                <![CDATA[9123456789]]>
              </value>
            </param>
          </params>
          <reporter-output>
          </reporter-output>
        </test-method> <!-- testPostUser -->
        <test-method signature="testPostUser(java.lang.String,java.lang.String,java.lang.String,java.lang.String,java.lang.String,java.lang.String,java.lang.String)[pri:1, instance:api.test.DDTest@78e117e3]" started-at="2024-04-21T16:50:22 IST" name="testPostUser" data-provider="data" finished-at="2024-04-21T16:50:23 IST" duration-ms="1226" status="PASS">
          <params>
            <param index="0">
              <value>
                <![CDATA[987654]]>
              </value>
            </param>
            <param index="1">
              <value>
                <![CDATA[test2]]>
              </value>
            </param>
            <param index="2">
              <value>
                <![CDATA[user2]]>
              </value>
            </param>
            <param index="3">
              <value>
                <![CDATA[second]]>
              </value>
            </param>
            <param index="4">
              <value>
                <![CDATA[b@gmail.com]]>
              </value>
            </param>
            <param index="5">
              <value>
                <![CDATA[456]]>
              </value>
            </param>
            <param index="6">
              <value>
                <![CDATA[8123456789]]>
              </value>
            </param>
          </params>
          <reporter-output>
          </reporter-output>
        </test-method> <!-- testPostUser -->
        <test-method signature="testPostUser(java.lang.String,java.lang.String,java.lang.String,java.lang.String,java.lang.String,java.lang.String,java.lang.String)[pri:1, instance:api.test.DDTest@78e117e3]" started-at="2024-04-21T16:50:23 IST" name="testPostUser" data-provider="data" finished-at="2024-04-21T16:50:24 IST" duration-ms="1217" status="PASS">
          <params>
            <param index="0">
              <value>
                <![CDATA[2345678]]>
              </value>
            </param>
            <param index="1">
              <value>
                <![CDATA[test3]]>
              </value>
            </param>
            <param index="2">
              <value>
                <![CDATA[user3]]>
              </value>
            </param>
            <param index="3">
              <value>
                <![CDATA[third]]>
              </value>
            </param>
            <param index="4">
              <value>
                <![CDATA[c@gmail.com]]>
              </value>
            </param>
            <param index="5">
              <value>
                <![CDATA[789]]>
              </value>
            </param>
            <param index="6">
              <value>
                <![CDATA[7123456789]]>
              </value>
            </param>
          </params>
          <reporter-output>
          </reporter-output>
        </test-method> <!-- testPostUser -->
        <test-method signature="deleteUser(java.lang.String)[pri:2, instance:api.test.DDTest@78e117e3]" started-at="2024-04-21T16:50:24 IST" name="deleteUser" data-provider="UserName" finished-at="2024-04-21T16:50:26 IST" duration-ms="1205" status="PASS">
          <params>
            <param index="0">
              <value>
                <![CDATA[test]]>
              </value>
            </param>
          </params>
          <reporter-output>
          </reporter-output>
        </test-method> <!-- deleteUser -->
        <test-method signature="deleteUser(java.lang.String)[pri:2, instance:api.test.DDTest@78e117e3]" started-at="2024-04-21T16:50:26 IST" name="deleteUser" data-provider="UserName" finished-at="2024-04-21T16:50:27 IST" duration-ms="1212" status="PASS">
          <params>
            <param index="0">
              <value>
                <![CDATA[test2]]>
              </value>
            </param>
          </params>
          <reporter-output>
          </reporter-output>
        </test-method> <!-- deleteUser -->
        <test-method signature="deleteUser(java.lang.String)[pri:2, instance:api.test.DDTest@78e117e3]" started-at="2024-04-21T16:50:27 IST" name="deleteUser" data-provider="UserName" finished-at="2024-04-21T16:50:28 IST" duration-ms="1183" status="PASS">
          <params>
            <param index="0">
              <value>
                <![CDATA[test3]]>
              </value>
            </param>
          </params>
          <reporter-output>
          </reporter-output>
        </test-method> <!-- deleteUser -->
      </class> <!-- api.test.DDTest -->
    </test> <!-- Surefire test -->
  </suite> <!-- Surefire suite -->
</testng-results>
