<?xml version="1.0" encoding="UTF-8"?>
<testng-results ignored="0" total="4" passed="4" failed="0" skipped="0">
  <reporter-output>
  </reporter-output>
  <suite started-at="2024-04-21T16:29:17 IST" name="Suite" finished-at="2024-04-21T16:29:27 IST" duration-ms="10062">
    <groups>
    </groups>
    <test started-at="2024-04-21T16:29:17 IST" name="Test" finished-at="2024-04-21T16:29:27 IST" duration-ms="10062">
      <class name="api.test.UserTest">
        <test-method is-config="true" signature="setupData()[pri:0, instance:api.test.UserTest@2a5c8d3f]" started-at="2024-04-21T16:29:17 IST" name="setupData" finished-at="2024-04-21T16:29:18 IST" duration-ms="1275" status="PASS">
          <reporter-output>
          </reporter-output>
        </test-method> <!-- setupData -->
        <test-method signature="testPost()[pri:1, instance:api.test.UserTest@2a5c8d3f]" started-at="2024-04-21T16:29:18 IST" name="testPost" finished-at="2024-04-21T16:29:23 IST" duration-ms="4666" status="PASS">
          <reporter-output>
          </reporter-output>
        </test-method> <!-- testPost -->
        <test-method signature="getUsername()[pri:2, instance:api.test.UserTest@2a5c8d3f]" started-at="2024-04-21T16:29:23 IST" name="getUsername" finished-at="2024-04-21T16:29:24 IST" duration-ms="1187" status="PASS">
          <reporter-output>
          </reporter-output>
        </test-method> <!-- getUsername -->
        <test-method signature="testUpdateUser()[pri:3, instance:api.test.UserTest@2a5c8d3f]" started-at="2024-04-21T16:29:24 IST" name="testUpdateUser" finished-at="2024-04-21T16:29:25 IST" duration-ms="1237" status="PASS">
          <reporter-output>
          </reporter-output>
        </test-method> <!-- testUpdateUser -->
        <test-method signature="deleteUser()[pri:4, instance:api.test.UserTest@2a5c8d3f]" started-at="2024-04-21T16:29:25 IST" name="deleteUser" finished-at="2024-04-21T16:29:27 IST" duration-ms="1193" status="PASS">
          <reporter-output>
          </reporter-output>
        </test-method> <!-- deleteUser -->
      </class> <!-- api.test.UserTest -->
    </test> <!-- Test -->
  </suite> <!-- Suite -->
</testng-results>
